Name                                Stmts   Miss  Cover   Missing
-----------------------------------------------------------------
source\customer.py                     79      3    96%   63, 72, 117
source\hotel.py                       106     11    90%   47, 49, 77-78, 109, 120, 172, 186, 194-195, 212
source\reservation.py                  91      7    92%   48, 50, 78-79, 147-148, 175
source\storage.py                      35      9    74%   24-29, 38-39, 46
source\test_reservation_system.py      84      1    99%   136
-----------------------------------------------------------------
TOTAL                                 395     31    92%
