Name                                Stmts   Miss  Cover   Missing
-----------------------------------------------------------------
source\customer.py                     79     22    72%   16, 53, 63, 67, 88, 91, 100, 113, 121-144
source\hotel.py                       109     27    75%   47, 49, 77-78, 109, 120, 129, 132, 138, 141, 157, 164, 187, 195, 207-210, 212-213, 216-233
source\reservation.py                  95     24    75%   48, 50, 78, 85, 89, 99, 106, 118, 132, 144, 148, 153-154, 160-161, 170-171, 180-197
source\storage.py                      35     13    63%   24-27, 36, 45, 48, 50, 56-62
source\test_reservation_system.py      86     31    64%   59, 62, 69, 72, 81, 91, 99, 108, 115, 133, 138-183
-----------------------------------------------------------------
TOTAL                                 404    117    71%
